<?xml version="1.0" encoding="UTF-8"?>
<!-- Generated by org.testng.reporters.JUnitReportReporter -->
<testsuite name="utilities.Utilityclass" tests="1" time="0.604" ignored="0" failures="0" timestamp="28 Sep 2018 06:12:48 GMT" skipped="0" hostname="SSG-INDIA-WS21" errors="0">
  <testcase name="datareading" time="0.604" classname="utilities.Utilityclass"/>
</testsuite> <!-- utilities.Utilityclass -->
