<?xml version="1.0" encoding="UTF-8"?>
<!-- Generated by org.testng.reporters.JUnitReportReporter -->
<testsuite name="com.generaltestcase.Sampletestcase" tests="1" time="0.000" ignored="0" failures="0" timestamp="28 Sep 2018 07:01:46 GMT" skipped="1" hostname="SSG-INDIA-WS21" errors="0">
  <testcase name="test" time="0.000" classname="com.generaltestcase.Sampletestcase">
    <skipped/>
  </testcase> <!-- test -->
</testsuite> <!-- com.generaltestcase.Sampletestcase -->
